<?xml version="1.0" encoding="UTF-8"?>
<!-- Generated by org.testng.reporters.JUnitReportReporter -->
<testsuite skipped="0" hostname="DESKTOP-H3C7SM4" name="com.Ohrm.Testcases.HomePageTest" tests="6" failures="0" timestamp="22 Sep 2019 14:30:29 GMT" time="105.206" errors="0">
  <testcase name="homepagevalidatioontest" time="10.287" classname="com.Ohrm.Testcases.HomePageTest"/>
  <testcase name="adminPAgeTest" time="10.853" classname="com.Ohrm.Testcases.HomePageTest"/>
  <testcase name="pimPageTest" time="11.796" classname="com.Ohrm.Testcases.HomePageTest"/>
  <testcase name="recruitementPageTest" time="11.109" classname="com.Ohrm.Testcases.HomePageTest"/>
  <testcase name="verifyaddemployeetest" time="39.101" classname="com.Ohrm.Testcases.HomePageTest"/>
  <testcase name="verifyemployeelistTest" time="22.060" classname="com.Ohrm.Testcases.HomePageTest"/>
</testsuite> <!-- com.Ohrm.Testcases.HomePageTest -->
