<?xml version="1.0" encoding="UTF-8"?>
<!-- Generated by org.testng.reporters.JUnitReportReporter -->
<testsuite skipped="0" hostname="DESKTOP-H3C7SM4" name="com.Ohrm.Testcases.LoginPageTest" tests="1" failures="0" timestamp="22 Sep 2019 11:06:02 GMT" time="0.084" errors="0">
  <testcase name="loginPagevalid" time="0.084" classname="com.Ohrm.Testcases.LoginPageTest"/>
</testsuite> <!-- com.Ohrm.Testcases.LoginPageTest -->
